LAB3/app/build/intermediates/manifest_merge_blame_file/debug/processDebugMainManifest/manifest-merger-blame-debug-report.txt
1<?xml version="1.0" encoding="utf-8"?>
2<manifest xmlns:android="http://schemas.android.com/apk/res/android"
3    package="com.pprior.quizz"
4    android:versionCode="1"
5    android:versionName="1.0" >
6
7    <uses-sdk
8        android:minSdkVersion="24"
9        android:targetSdkVersion="34" />
10    <!-- Permisos de internet -->
11    <uses-permission android:name="android.permission.INTERNET" />
11-->src/main/AndroidManifest.xml:5:5-67
11-->src/main/AndroidManifest.xml:5:22-64
12    <uses-permission android:name="android.permission.ACCESS_NETWORK_STATE" />
12-->src/main/AndroidManifest.xml:6:5-79
12-->src/main/AndroidManifest.xml:6:22-76
13    <uses-permission android:name="android.permission.ACCESS_WIFI_STATE" />
13-->src/main/AndroidManifest.xml:7:5-76
13-->src/main/AndroidManifest.xml:7:22-73
14
15    <permission
15-->[androidx.core:core:1.12.0] AndroidManifest.xml:22:5-24:47
16        android:name="com.pprior.quizz.DYNAMIC_RECEIVER_NOT_EXPORTED_PERMISSION"
16-->[androidx.core:core:1.12.0] AndroidManifest.xml:23:9-81
17        android:protectionLevel="signature" />
17-->[androidx.core:core:1.12.0] AndroidManifest.xml:24:9-44
18
19    <uses-permission android:name="com.pprior.quizz.DYNAMIC_RECEIVER_NOT_EXPORTED_PERMISSION" />
19-->[androidx.core:core:1.12.0] AndroidManifest.xml:26:5-97
19-->[androidx.core:core:1.12.0] AndroidManifest.xml:26:22-94
20
21    <application
21-->src/main/AndroidManifest.xml:9:5-86:19
22        android:name="com.pprior.quizz.QuizzApp"
22-->src/main/AndroidManifest.xml:10:9-33
23        android:allowBackup="true"
23-->src/main/AndroidManifest.xml:11:9-35
24        android:appComponentFactory="androidx.core.app.CoreComponentFactory"
24-->[androidx.core:core:1.12.0] AndroidManifest.xml:28:18-86
25        android:dataExtractionRules="@xml/data_extraction_rules"
25-->src/main/AndroidManifest.xml:12:9-65
26        android:debuggable="true"
27        android:extractNativeLibs="false"
28        android:fullBackupContent="@xml/backup_rules"
28-->src/main/AndroidManifest.xml:13:9-54
29        android:icon="@mipmap/ic_launcher"
29-->src/main/AndroidManifest.xml:14:9-43
30        android:label="@string/app_name"
30-->src/main/AndroidManifest.xml:15:9-41
31        android:roundIcon="@mipmap/ic_launcher_round"
31-->src/main/AndroidManifest.xml:16:9-54
32        android:supportsRtl="true"
32-->src/main/AndroidManifest.xml:17:9-35
33        android:testOnly="true"
34        android:theme="@style/Theme.SchoolQuizz" >
34-->src/main/AndroidManifest.xml:18:9-49
35
36        <!-- Actividad principal -->
37        <activity
37-->src/main/AndroidManifest.xml:22:9-32:20
38            android:name="com.pprior.quizz.ui.activities.MainActivity"
38-->src/main/AndroidManifest.xml:23:13-55
39            android:exported="true"
39-->src/main/AndroidManifest.xml:24:13-36
40            android:screenOrientation="locked" >
40-->src/main/AndroidManifest.xml:25:13-47
41            <intent-filter>
41-->src/main/AndroidManifest.xml:27:13-31:29
42                <action android:name="android.intent.action.MAIN" />
42-->src/main/AndroidManifest.xml:28:17-69
42-->src/main/AndroidManifest.xml:28:25-66
43
44                <category android:name="android.intent.category.LAUNCHER" />
44-->src/main/AndroidManifest.xml:30:17-77
44-->src/main/AndroidManifest.xml:30:27-74
45            </intent-filter>
46        </activity>
47
48        <!-- Actividad para seleccionar el tipo de pregunta -->
49        <activity
49-->src/main/AndroidManifest.xml:35:9-37:40
50            android:name="com.pprior.quizz.ui.activities.QuestionTypeActivity"
50-->src/main/AndroidManifest.xml:36:13-63
51            android:exported="false" />
51-->src/main/AndroidManifest.xml:37:13-37
52
53        <!-- Actividad dialogo para lanzar preguntas -->
54        <activity
54-->src/main/AndroidManifest.xml:40:9-43:50
55            android:name="com.pprior.quizz.ui.activities.dialogs.LaunchQuestionActivity"
55-->src/main/AndroidManifest.xml:41:13-73
56            android:exported="false"
56-->src/main/AndroidManifest.xml:42:13-37
57            android:theme="@style/ThemeDialog" />
57-->src/main/AndroidManifest.xml:43:13-47
58
59        <!-- Actividad generica de dialogo para añadir preguntas -->
60        <activity
60-->src/main/AndroidManifest.xml:46:9-49:50
61            android:name="com.pprior.quizz.ui.activities.dialogs.AddQuestionActivity"
61-->src/main/AndroidManifest.xml:47:13-70
62            android:exported="false"
62-->src/main/AndroidManifest.xml:48:13-37
63            android:theme="@style/ThemeDialog" />
63-->src/main/AndroidManifest.xml:49:13-47
64
65        <!-- Actividad dialogo para añadir preguntas de si o no -->
66        <activity
66-->src/main/AndroidManifest.xml:52:9-55:50
67            android:name="com.pprior.quizz.ui.activities.dialogs.types.AddYesNoQuestion"
67-->src/main/AndroidManifest.xml:53:13-73
68            android:exported="false"
68-->src/main/AndroidManifest.xml:54:13-37
69            android:theme="@style/ThemeDialog" />
69-->src/main/AndroidManifest.xml:55:13-47
70
71        <!-- Actividad dialogo para añadir preguntas de estrellas -->
72        <activity
72-->src/main/AndroidManifest.xml:58:9-61:50
73            android:name="com.pprior.quizz.ui.activities.dialogs.types.AddStarsQuestion"
73-->src/main/AndroidManifest.xml:59:13-73
74            android:exported="false"
74-->src/main/AndroidManifest.xml:60:13-37
75            android:theme="@style/ThemeDialog" />
75-->src/main/AndroidManifest.xml:61:13-47
76
77        <!-- Actividad dialogo para añadir preguntas de barra progresiva -->
78        <activity
78-->src/main/AndroidManifest.xml:64:9-67:50
79            android:name="com.pprior.quizz.ui.activities.dialogs.types.AddBarQuestion"
79-->src/main/AndroidManifest.xml:65:13-71
80            android:exported="false"
80-->src/main/AndroidManifest.xml:66:13-37
81            android:theme="@style/ThemeDialog" />
81-->src/main/AndroidManifest.xml:67:13-47
82
83        <!-- Actividad dialogo para añadir preguntas de otro tipo -->
84        <activity
84-->src/main/AndroidManifest.xml:70:9-73:50
85            android:name="com.pprior.quizz.ui.activities.dialogs.types.AddOtherQuestion"
85-->src/main/AndroidManifest.xml:71:13-73
86            android:exported="false"
86-->src/main/AndroidManifest.xml:72:13-37
87            android:theme="@style/ThemeDialog" />
87-->src/main/AndroidManifest.xml:73:13-47
88
89        <!-- Actividad dialogo para editar preguntas -->
90        <activity
90-->src/main/AndroidManifest.xml:76:9-79:50
91            android:name="com.pprior.quizz.ui.activities.dialogs.EditQuestionActivity"
91-->src/main/AndroidManifest.xml:77:13-71
92            android:exported="false"
92-->src/main/AndroidManifest.xml:78:13-37
93            android:theme="@style/ThemeDialog" />
93-->src/main/AndroidManifest.xml:79:13-47
94
95        <!-- Servicio http -->
96        <service
96-->src/main/AndroidManifest.xml:82:9-84:38
97            android:name="com.pprior.quizz.data.services.HttpService"
97-->src/main/AndroidManifest.xml:83:13-54
98            android:enabled="true" />
98-->src/main/AndroidManifest.xml:84:13-35
99
100        <provider
100-->[androidx.emoji2:emoji2:1.2.0] AndroidManifest.xml:24:9-32:20
101            android:name="androidx.startup.InitializationProvider"
101-->[androidx.emoji2:emoji2:1.2.0] AndroidManifest.xml:25:13-67
102            android:authorities="com.pprior.quizz.androidx-startup"
102-->[androidx.emoji2:emoji2:1.2.0] AndroidManifest.xml:26:13-68
103            android:exported="false" >
103-->[androidx.emoji2:emoji2:1.2.0] AndroidManifest.xml:27:13-37
104            <meta-data
104-->[androidx.emoji2:emoji2:1.2.0] AndroidManifest.xml:29:13-31:52
105                android:name="androidx.emoji2.text.EmojiCompatInitializer"
105-->[androidx.emoji2:emoji2:1.2.0] AndroidManifest.xml:30:17-75
106                android:value="androidx.startup" />
106-->[androidx.emoji2:emoji2:1.2.0] AndroidManifest.xml:31:17-49
107            <meta-data
107-->[androidx.lifecycle:lifecycle-process:2.6.1] AndroidManifest.xml:29:13-31:52
108                android:name="androidx.lifecycle.ProcessLifecycleInitializer"
108-->[androidx.lifecycle:lifecycle-process:2.6.1] AndroidManifest.xml:30:17-78
109                android:value="androidx.startup" />
109-->[androidx.lifecycle:lifecycle-process:2.6.1] AndroidManifest.xml:31:17-49
110            <meta-data
110-->[androidx.profileinstaller:profileinstaller:1.3.0] AndroidManifest.xml:29:13-31:52
111                android:name="androidx.profileinstaller.ProfileInstallerInitializer"
111-->[androidx.profileinstaller:profileinstaller:1.3.0] AndroidManifest.xml:30:17-85
112                android:value="androidx.startup" />
112-->[androidx.profileinstaller:profileinstaller:1.3.0] AndroidManifest.xml:31:17-49
113        </provider>
114
115        <receiver
115-->[androidx.profileinstaller:profileinstaller:1.3.0] AndroidManifest.xml:34:9-52:20
116            android:name="androidx.profileinstaller.ProfileInstallReceiver"
116-->[androidx.profileinstaller:profileinstaller:1.3.0] AndroidManifest.xml:35:13-76
117            android:directBootAware="false"
117-->[androidx.profileinstaller:profileinstaller:1.3.0] AndroidManifest.xml:36:13-44
118            android:enabled="true"
118-->[androidx.profileinstaller:profileinstaller:1.3.0] AndroidManifest.xml:37:13-35
119            android:exported="true"
119-->[androidx.profileinstaller:profileinstaller:1.3.0] AndroidManifest.xml:38:13-36
120            android:permission="android.permission.DUMP" >
120-->[androidx.profileinstaller:profileinstaller:1.3.0] AndroidManifest.xml:39:13-57
121            <intent-filter>
121-->[androidx.profileinstaller:profileinstaller:1.3.0] AndroidManifest.xml:40:13-42:29
122                <action android:name="androidx.profileinstaller.action.INSTALL_PROFILE" />
122-->[androidx.profileinstaller:profileinstaller:1.3.0] AndroidManifest.xml:41:17-91
122-->[androidx.profileinstaller:profileinstaller:1.3.0] AndroidManifest.xml:41:25-88
123            </intent-filter>
124            <intent-filter>
124-->[androidx.profileinstaller:profileinstaller:1.3.0] AndroidManifest.xml:43:13-45:29
125                <action android:name="androidx.profileinstaller.action.SKIP_FILE" />
125-->[androidx.profileinstaller:profileinstaller:1.3.0] AndroidManifest.xml:44:17-85
125-->[androidx.profileinstaller:profileinstaller:1.3.0] AndroidManifest.xml:44:25-82
126            </intent-filter>
127            <intent-filter>
127-->[androidx.profileinstaller:profileinstaller:1.3.0] AndroidManifest.xml:46:13-48:29
128                <action android:name="androidx.profileinstaller.action.SAVE_PROFILE" />
128-->[androidx.profileinstaller:profileinstaller:1.3.0] AndroidManifest.xml:47:17-88
128-->[androidx.profileinstaller:profileinstaller:1.3.0] AndroidManifest.xml:47:25-85
129            </intent-filter>
130            <intent-filter>
130-->[androidx.profileinstaller:profileinstaller:1.3.0] AndroidManifest.xml:49:13-51:29
131                <action android:name="androidx.profileinstaller.action.BENCHMARK_OPERATION" />
131-->[androidx.profileinstaller:profileinstaller:1.3.0] AndroidManifest.xml:50:17-95
131-->[androidx.profileinstaller:profileinstaller:1.3.0] AndroidManifest.xml:50:25-92
132            </intent-filter>
133        </receiver>
134    </application>
135
136</manifest>